<?xml version="1.0" encoding="UTF-8"?>
<!-- Generated by org.testng.reporters.JUnitXMLReporter -->
<testsuite hostname="Ashish-PC" ignored="0" name="AutomationTests" tests="6" failures="1" timestamp="2021-04-16T16:22:09 EDT" time="242.38" errors="0">
  <testcase name="ValidateLabel" time="2.356" classname="com.crm.qa.testlayer.HomePageTest"/>
  <testcase name="TitleTest" time="0.011" classname="com.crm.qa.testlayer.HomePageTest">
    <failure type="java.lang.AssertionError" message="Title does not match expected [CRM PRO] but found [Cogmento CRM]">
      <![CDATA[java.lang.AssertionError: Title does not match expected [CRM PRO] but found [Cogmento CRM]
at com.crm.qa.testlayer.HomePageTest.TitleTest(HomePageTest.java:44)
at java.util.ArrayList.forEach(Unknown Source)
... Removed 32 stack frames]]>
    </failure>
  </testcase> <!-- TitleTest -->
  <testcase name="ContactClick" time="2.557" classname="com.crm.qa.testlayer.HomePageTest"/>
  <testcase name="TitleTest" time="0.118" classname="com.crm.qa.testlayer.LoginPageTest"/>
  <testcase name="SignUpTest" time="4.535" classname="com.crm.qa.testlayer.LoginPageTest"/>
  <testcase name="loginTest" time="8.359" classname="com.crm.qa.testlayer.LoginPageTest"/>
</testsuite> <!-- AutomationTests -->
