<?xml version="1.0" encoding="UTF-8"?>
<testng-results skipped="0" failed="1" ignored="0" total="6" passed="5">
  <reporter-output>
  </reporter-output>
  <suite name="CRMAutomationFramework" duration-ms="242380" started-at="2021-04-16T16:18:06 EDT" finished-at="2021-04-16T16:22:09 EDT">
    <groups>
    </groups>
    <test name="AutomationTests" duration-ms="242380" started-at="2021-04-16T16:18:06 EDT" finished-at="2021-04-16T16:22:09 EDT">
      <class name="com.crm.qa.testlayer.LoginPageTest">
        <test-method status="PASS" signature="setup()[pri:0, instance:com.crm.qa.testlayer.LoginPageTest@7c290d]" name="setup" is-config="true" duration-ms="16609" started-at="2021-04-16T16:20:43 EDT" finished-at="2021-04-16T16:20:59 EDT">
          <reporter-output>
          </reporter-output>
        </test-method> <!-- setup -->
        <test-method status="PASS" signature="TitleTest()[pri:1, instance:com.crm.qa.testlayer.LoginPageTest@7c290d]" name="TitleTest" duration-ms="118" started-at="2021-04-16T16:20:59 EDT" finished-at="2021-04-16T16:20:59 EDT">
          <reporter-output>
          </reporter-output>
        </test-method> <!-- TitleTest -->
        <test-method status="PASS" signature="teardown()[pri:0, instance:com.crm.qa.testlayer.LoginPageTest@7c290d]" name="teardown" is-config="true" duration-ms="7117" started-at="2021-04-16T16:20:59 EDT" finished-at="2021-04-16T16:21:07 EDT">
          <reporter-output>
          </reporter-output>
        </test-method> <!-- teardown -->
        <test-method status="PASS" signature="setup()[pri:0, instance:com.crm.qa.testlayer.LoginPageTest@7c290d]" name="setup" is-config="true" duration-ms="19711" started-at="2021-04-16T16:21:07 EDT" finished-at="2021-04-16T16:21:26 EDT">
          <reporter-output>
          </reporter-output>
        </test-method> <!-- setup -->
        <test-method status="PASS" signature="SignUpTest()[pri:2, instance:com.crm.qa.testlayer.LoginPageTest@7c290d]" name="SignUpTest" duration-ms="4535" started-at="2021-04-16T16:21:26 EDT" finished-at="2021-04-16T16:21:31 EDT">
          <reporter-output>
          </reporter-output>
        </test-method> <!-- SignUpTest -->
        <test-method status="PASS" signature="teardown()[pri:0, instance:com.crm.qa.testlayer.LoginPageTest@7c290d]" name="teardown" is-config="true" duration-ms="4167" started-at="2021-04-16T16:21:31 EDT" finished-at="2021-04-16T16:21:35 EDT">
          <reporter-output>
          </reporter-output>
        </test-method> <!-- teardown -->
        <test-method status="PASS" signature="setup()[pri:0, instance:com.crm.qa.testlayer.LoginPageTest@7c290d]" name="setup" is-config="true" duration-ms="20489" started-at="2021-04-16T16:21:35 EDT" finished-at="2021-04-16T16:21:55 EDT">
          <reporter-output>
          </reporter-output>
        </test-method> <!-- setup -->
        <test-method status="PASS" signature="loginTest()[pri:3, instance:com.crm.qa.testlayer.LoginPageTest@7c290d]" name="loginTest" duration-ms="8359" started-at="2021-04-16T16:21:55 EDT" finished-at="2021-04-16T16:22:04 EDT">
          <reporter-output>
          </reporter-output>
        </test-method> <!-- loginTest -->
        <test-method status="PASS" signature="teardown()[pri:0, instance:com.crm.qa.testlayer.LoginPageTest@7c290d]" name="teardown" is-config="true" duration-ms="4715" started-at="2021-04-16T16:22:04 EDT" finished-at="2021-04-16T16:22:09 EDT">
          <reporter-output>
          </reporter-output>
        </test-method> <!-- teardown -->
      </class> <!-- com.crm.qa.testlayer.LoginPageTest -->
      <class name="com.crm.qa.testlayer.HomePageTest">
        <test-method status="PASS" signature="setup()[pri:0, instance:com.crm.qa.testlayer.HomePageTest@ceb130]" name="setup" is-config="true" duration-ms="55498" started-at="2021-04-16T16:18:06 EDT" finished-at="2021-04-16T16:19:02 EDT">
          <reporter-output>
          </reporter-output>
        </test-method> <!-- setup -->
        <test-method status="PASS" signature="ValidateLabel()[pri:1, instance:com.crm.qa.testlayer.HomePageTest@ceb130]" name="ValidateLabel" duration-ms="2356" started-at="2021-04-16T16:19:02 EDT" finished-at="2021-04-16T16:19:04 EDT">
          <reporter-output>
          </reporter-output>
        </test-method> <!-- ValidateLabel -->
        <test-method status="PASS" signature="tearDown()[pri:0, instance:com.crm.qa.testlayer.HomePageTest@ceb130]" name="tearDown" is-config="true" duration-ms="15049" started-at="2021-04-16T16:19:04 EDT" finished-at="2021-04-16T16:19:19 EDT">
          <reporter-output>
          </reporter-output>
        </test-method> <!-- tearDown -->
        <test-method status="PASS" signature="setup()[pri:0, instance:com.crm.qa.testlayer.HomePageTest@ceb130]" name="setup" is-config="true" duration-ms="52181" started-at="2021-04-16T16:19:19 EDT" finished-at="2021-04-16T16:20:11 EDT">
          <reporter-output>
          </reporter-output>
        </test-method> <!-- setup -->
        <test-method status="FAIL" signature="TitleTest()[pri:2, instance:com.crm.qa.testlayer.HomePageTest@ceb130]" name="TitleTest" duration-ms="11" started-at="2021-04-16T16:20:11 EDT" finished-at="2021-04-16T16:20:11 EDT">
          <exception class="java.lang.AssertionError">
            <message>
              <![CDATA[Title does not match expected [CRM PRO] but found [Cogmento CRM]]]>
            </message>
            <full-stacktrace>
              <![CDATA[java.lang.AssertionError: Title does not match expected [CRM PRO] but found [Cogmento CRM]
at org.testng.Assert.fail(Assert.java:99)
at org.testng.Assert.failNotEquals(Assert.java:1037)
at org.testng.Assert.assertEqualsImpl(Assert.java:140)
at org.testng.Assert.assertEquals(Assert.java:122)
at org.testng.Assert.assertEquals(Assert.java:629)
at com.crm.qa.testlayer.HomePageTest.TitleTest(HomePageTest.java:44)
at sun.reflect.NativeMethodAccessorImpl.invoke0(Native Method)
at sun.reflect.NativeMethodAccessorImpl.invoke(Unknown Source)
at sun.reflect.DelegatingMethodAccessorImpl.invoke(Unknown Source)
at java.lang.reflect.Method.invoke(Unknown Source)
at org.testng.internal.MethodInvocationHelper.invokeMethod(MethodInvocationHelper.java:133)
at org.testng.internal.TestInvoker.invokeMethod(TestInvoker.java:598)
at org.testng.internal.TestInvoker.invokeTestMethod(TestInvoker.java:173)
at org.testng.internal.MethodRunner.runInSequence(MethodRunner.java:46)
at org.testng.internal.TestInvoker$MethodInvocationAgent.invoke(TestInvoker.java:824)
at org.testng.internal.TestInvoker.invokeTestMethods(TestInvoker.java:146)
at org.testng.internal.TestMethodWorker.invokeTestMethods(TestMethodWorker.java:146)
at org.testng.internal.TestMethodWorker.run(TestMethodWorker.java:128)
at java.util.ArrayList.forEach(Unknown Source)
at org.testng.TestRunner.privateRun(TestRunner.java:794)
at org.testng.TestRunner.run(TestRunner.java:596)
at org.testng.SuiteRunner.runTest(SuiteRunner.java:377)
at org.testng.SuiteRunner.runSequentially(SuiteRunner.java:371)
at org.testng.SuiteRunner.privateRun(SuiteRunner.java:332)
at org.testng.SuiteRunner.run(SuiteRunner.java:276)
at org.testng.SuiteRunnerWorker.runSuite(SuiteRunnerWorker.java:53)
at org.testng.SuiteRunnerWorker.run(SuiteRunnerWorker.java:96)
at org.testng.TestNG.runSuitesSequentially(TestNG.java:1212)
at org.testng.TestNG.runSuitesLocally(TestNG.java:1134)
at org.testng.TestNG.runSuites(TestNG.java:1063)
at org.testng.TestNG.run(TestNG.java:1031)
at org.testng.remote.AbstractRemoteTestNG.run(AbstractRemoteTestNG.java:115)
at org.testng.remote.RemoteTestNG.initAndRun(RemoteTestNG.java:251)
at org.testng.remote.RemoteTestNG.main(RemoteTestNG.java:77)
]]>
            </full-stacktrace>
          </exception> <!-- java.lang.AssertionError -->
          <reporter-output>
          </reporter-output>
        </test-method> <!-- TitleTest -->
        <test-method status="PASS" signature="tearDown()[pri:0, instance:com.crm.qa.testlayer.HomePageTest@ceb130]" name="tearDown" is-config="true" duration-ms="6662" started-at="2021-04-16T16:20:11 EDT" finished-at="2021-04-16T16:20:18 EDT">
          <reporter-output>
          </reporter-output>
        </test-method> <!-- tearDown -->
        <test-method status="PASS" signature="setup()[pri:0, instance:com.crm.qa.testlayer.HomePageTest@ceb130]" name="setup" is-config="true" duration-ms="19185" started-at="2021-04-16T16:20:18 EDT" finished-at="2021-04-16T16:20:37 EDT">
          <reporter-output>
          </reporter-output>
        </test-method> <!-- setup -->
        <test-method status="PASS" signature="ContactClick()[pri:3, instance:com.crm.qa.testlayer.HomePageTest@ceb130]" name="ContactClick" duration-ms="2557" started-at="2021-04-16T16:20:37 EDT" finished-at="2021-04-16T16:20:40 EDT">
          <reporter-output>
          </reporter-output>
        </test-method> <!-- ContactClick -->
        <test-method status="PASS" signature="tearDown()[pri:0, instance:com.crm.qa.testlayer.HomePageTest@ceb130]" name="tearDown" is-config="true" duration-ms="2846" started-at="2021-04-16T16:20:40 EDT" finished-at="2021-04-16T16:20:43 EDT">
          <reporter-output>
          </reporter-output>
        </test-method> <!-- tearDown -->
      </class> <!-- com.crm.qa.testlayer.HomePageTest -->
    </test> <!-- AutomationTests -->
  </suite> <!-- CRMAutomationFramework -->
</testng-results>
